2015-04-13 21:36:48.789 HelloWorld[4589:430653] DiskCookieStorage changing policy from 2 to 0, cookie file: file:///Users/drawingoffice/Library/Developer/CoreSimulator/Devices/E213B5FD-FC8B-416A-BE19-2403D42A6F5E/data/Containers/Data/Application/8D3CC822-4DD8-421F-A5B5-80A851564FA3/Library/Cookies/Cookies.binarycookies
2015-04-13 21:36:49.421 HelloWorld[4589:430653] Apache Cordova native platform version 3.7.0 is starting.
2015-04-13 21:36:49.421 HelloWorld[4589:430653] Multi-tasking -> Device: YES, App: YES
2015-04-13 21:36:50.392 HelloWorld[4589:430653] Unlimited access to network resources
2015-04-13 21:36:50.425 HelloWorld[4589:430653] 

Started backup to iCloud! Please be careful.
Your application might be rejected by Apple if you store too much data.
For more information please read "iOS Data Storage Guidelines" at:
https://developer.apple.com/icloud/documentation/data-storage/
To disable web storage backup to iCloud, set the BackupWebStorage preference to "local" in the Cordova config.xml file

2015-04-13 21:36:54.762 HelloWorld[4589:430653] Resetting plugins due to page load.
2015-04-13 21:36:55.124 HelloWorld[4589:430653] Finished load of: file:///Users/drawingoffice/Library/Developer/CoreSimulator/Devices/E213B5FD-FC8B-416A-BE19-2403D42A6F5E/data/Containers/Bundle/Application/3BB3CD76-11DF-45C5-8AD8-297C2AAE8D17/HelloWorld.app/www/index.html
2015-04-13 21:37:04.802 HelloWorld[4589:430653] Resetting plugins due to page load.
2015-04-13 21:37:04.844 HelloWorld[4589:430653] Finished load of: file:///Users/drawingoffice/Library/Developer/CoreSimulator/Devices/E213B5FD-FC8B-416A-BE19-2403D42A6F5E/data/Containers/Bundle/Application/3BB3CD76-11DF-45C5-8AD8-297C2AAE8D17/HelloWorld.app/www/minerals.html
2015-04-13 21:43:12.354 HelloWorld[5088:435081] DiskCookieStorage changing policy from 2 to 0, cookie file: file:///Users/drawingoffice/Library/Developer/CoreSimulator/Devices/E213B5FD-FC8B-416A-BE19-2403D42A6F5E/data/Containers/Data/Application/6101552E-2706-40F5-BF14-B8FCD313CF34/Library/Cookies/Cookies.binarycookies
2015-04-13 21:43:12.732 HelloWorld[5088:435081] Apache Cordova native platform version 3.7.0 is starting.
2015-04-13 21:43:12.733 HelloWorld[5088:435081] Multi-tasking -> Device: YES, App: YES
2015-04-13 21:43:12.757 HelloWorld[5088:435081] Unlimited access to network resources
2015-04-13 21:43:12.774 HelloWorld[5088:435081] 

Started backup to iCloud! Please be careful.
Your application might be rejected by Apple if you store too much data.
For more information please read "iOS Data Storage Guidelines" at:
https://developer.apple.com/icloud/documentation/data-storage/
To disable web storage backup to iCloud, set the BackupWebStorage preference to "local" in the Cordova config.xml file

2015-04-13 21:43:13.878 HelloWorld[5088:435081] Resetting plugins due to page load.
2015-04-13 21:43:14.068 HelloWorld[5088:435081] Finished load of: file:///Users/drawingoffice/Library/Developer/CoreSimulator/Devices/E213B5FD-FC8B-416A-BE19-2403D42A6F5E/data/Containers/Bundle/Application/46C29461-89DD-4C40-9E54-5F48E70BB32B/HelloWorld.app/www/index.html
2015-04-13 21:43:17.509 HelloWorld[5088:435081] Resetting plugins due to page load.
2015-04-13 21:43:17.554 HelloWorld[5088:435081] Finished load of: file:///Users/drawingoffice/Library/Developer/CoreSimulator/Devices/E213B5FD-FC8B-416A-BE19-2403D42A6F5E/data/Containers/Bundle/Application/46C29461-89DD-4C40-9E54-5F48E70BB32B/HelloWorld.app/www/minerals.html
